2025-09-25 23:06:50: Carlos (C311) - Bought 1 books. Earned 20 points. Description: Saga Infantis. Total Points: 20
2025-09-25 23:07:08: Carlos (C311) - Bought 5 books. Earned 100 points. Description: Saga Infantis. Total Points: 120
2025-09-25 23:07:40: Marcia (A907) - Bought 5 books. Earned 100 points. Description: Saga Infantis. Total Points: 100
2025-09-25 23:07:57: Marcia (A907) - Bought 5 books. Earned 100 points. Description: Saga Infantis. Total Points: 200
2025-09-25 23:07:58: Marcia (A907) - Bought 5 books. Earned 100 points. Description: Saga Infantis. Total Points: 300
2025-09-25 23:07:59: Marcia (A907) - Bought 5 books. Earned 100 points. Description: Saga Infantis. Total Points: 400
2025-09-25 23:08:06: Marcia (A907) - Bought 5 books. Earned 100 points. Description: Saga Infantis. Total Points: 500
2025-09-25 23:08:19: Marcia (A907) - Bought 5 books. Earned 100 points. Description: Saga Infantis. Total Points: 600
2025-09-25 23:20:05: A (123) - Bought 1 books. Earned 20 points. Description: string. Total Points: 20
2025-09-25 23:20:53: Ana (ABCD) - Bought 10 books. Earned 100 points. Description: string. Total Points: 100
2025-09-25 23:21:10: Ana (ABCD) - Bought 10 books. Earned 100 points. Description: string. Total Points: 200
2025-09-25 23:21:13: Ana (ABCD) - Bought 10 books. Earned 100 points. Description: string. Total Points: 300
2025-09-25 23:21:15: Ana (ABCD) - Bought 10 books. Earned 100 points. Description: string. Total Points: 400
2025-09-25 23:21:23: Ana (ABCD) - Bought 10 books. Earned 100 points. Description: string. Total Points: 500
2025-09-25 23:21:45: Ana (ABCD) - Bought 10 books. Earned 100 points. Description: string. Total Points: 0
2025-09-25 23:22:28: Mario (2323) - Bought 100 books. Earned 100 points. Description: string. Total Points: 100
2025-09-25 23:22:44: Mario (2323) - Bought 100 books. Earned 100 points. Description: string. Total Points: 200
2025-09-25 23:22:45: Mario (2323) - Bought 100 books. Earned 100 points. Description: string. Total Points: 300
2025-09-25 23:22:50: Mario (2323) - Bought 100 books. Earned 100 points. Description: string. Total Points: 400
2025-09-25 23:22:52: Mario (2323) - Bought 100 books. Earned 100 points. Description: string. Total Points: 500
